<?xml version="1.0" encoding="UTF-8"?>
<Site BuildName="(empty)"
	BuildStamp="20240328-1210-Experimental"
	Name="(empty)"
	Generator="ctest-3.22.1"
	CompilerName=""
	CompilerVersion=""
	OSName="Linux"
	Hostname="ajifoster3-Intel-Z690"
	OSRelease="6.5.0-26-generic"
	OSVersion="#26~22.04.1-Ubuntu SMP PREEMPT_DYNAMIC Tue Mar 12 10:22:43 UTC 2"
	OSPlatform="x86_64"
	Is64Bits="1"
	VendorString="GenuineIntel"
	VendorID="Intel Corporation"
	FamilyID="6"
	ModelID="183"
	ProcessorCacheSize="30720"
	NumberOfLogicalCPU="24"
	NumberOfPhysicalCPU="16"
	TotalVirtualMemory="0"
	TotalPhysicalMemory="31826"
	LogicalProcessorsPerPhysical="1"
	ProcessorClockFrequency="3006.73"
	>
	<Testing>
		<StartDateTime>Mar 28 15:20 GMT</StartDateTime>
		<StartTestTime>1711639234</StartTestTime>
		<TestList/>
		<EndDateTime>Mar 28 15:20 GMT</EndDateTime>
		<EndTestTime>1711639234</EndTestTime>
		<ElapsedMinutes>0</ElapsedMinutes>
	</Testing>
</Site>
